Removed Pin From Net: NetName=C0 Pin=C1-1
Removed Pin From Net: NetName=BAT V- Pin=C1-2
Removed Pin From Net: NetName=BAT V- Pin=D1-1
Removed Pin From Net: NetName=S0 Pin=D1-2
Removed Pin From Net: NetName=CELL2 Pin=D2-1
Removed Pin From Net: NetName=S1 Pin=D2-2
Removed Pin From Net: NetName=CELL3 Pin=D3-1
Removed Pin From Net: NetName=S2 Pin=D3-2
Removed Pin From Net: NetName=CELL4 Pin=D4-1
Removed Pin From Net: NetName=S3 Pin=D4-2
Removed Pin From Net: NetName=CELL5 Pin=D5-1
Removed Pin From Net: NetName=S4 Pin=D5-2
Removed Pin From Net: NetName=CELL6 Pin=D6-1
Removed Pin From Net: NetName=S5 Pin=D6-2
Removed Pin From Net: NetName=CELL2 Pin=D7-1
Removed Pin From Net: NetName=CELL3 Pin=D8-1
Removed Pin From Net: NetName=CELL4 Pin=D9-1
Removed Pin From Net: NetName=CELL5 Pin=D10-1
Removed Pin From Net: NetName=CELL6 Pin=D11-1
Removed Pin From Net: NetName=BAT V+ Pin=D12-1
Removed Pin From Net: NetName=BAT V+ Pin=D14-1
Removed Pin From Net: NetName=SD_in Pin=J4-1
Removed Pin From Net: NetName=SD_out Pin=J4-2
Removed Pin From Net: NetName=CAN_P Pin=J4-6
Removed Pin From Net: NetName=CAN_N Pin=J4-7
Removed Pin From Net: NetName=BAT V+ Pin=J5-1
Removed Pin From Net: NetName=S0 Pin=Q1-1
Removed Pin From Net: NetName=BAT V- Pin=Q1-2
Removed Pin From Net: NetName=S1 Pin=Q2-1
Removed Pin From Net: NetName=CELL2 Pin=Q2-2
Removed Pin From Net: NetName=S2 Pin=Q3-1
Removed Pin From Net: NetName=CELL3 Pin=Q3-2
Removed Pin From Net: NetName=S3 Pin=Q4-1
Removed Pin From Net: NetName=CELL4 Pin=Q4-2
Removed Pin From Net: NetName=S4 Pin=Q5-1
Removed Pin From Net: NetName=CELL5 Pin=Q5-2
Removed Pin From Net: NetName=S5 Pin=Q6-1
Removed Pin From Net: NetName=CELL6 Pin=Q6-2
Removed Pin From Net: NetName=CELL2 Pin=R1-2
Removed Pin From Net: NetName=CELL3 Pin=R2-2
Removed Pin From Net: NetName=CELL4 Pin=R3-2
Removed Pin From Net: NetName=CELL5 Pin=R4-2
Removed Pin From Net: NetName=CELL6 Pin=R5-2
Removed Pin From Net: NetName=BAT V+ Pin=R6-2
Removed Pin From Net: NetName=CELL2 Pin=R7-2
Removed Pin From Net: NetName=CELL3 Pin=R8-2
Removed Pin From Net: NetName=CELL4 Pin=R9-2
Removed Pin From Net: NetName=CELL5 Pin=R10-2
Removed Pin From Net: NetName=CELL6 Pin=R11-2
Removed Pin From Net: NetName=BAT V+ Pin=R12-2
Removed Pin From Net: NetName=S0 Pin=R13-1
Removed Pin From Net: NetName=BAT V- Pin=R13-2
Removed Pin From Net: NetName=S1 Pin=R14-1
Removed Pin From Net: NetName=CELL2 Pin=R14-2
Removed Pin From Net: NetName=S2 Pin=R15-1
Removed Pin From Net: NetName=CELL3 Pin=R15-2
Removed Pin From Net: NetName=S3 Pin=R16-1
Removed Pin From Net: NetName=CELL4 Pin=R16-2
Removed Pin From Net: NetName=S4 Pin=R17-1
Removed Pin From Net: NetName=CELL5 Pin=R17-2
Removed Pin From Net: NetName=S5 Pin=R18-1
Removed Pin From Net: NetName=CELL6 Pin=R18-2
Removed Pin From Net: NetName=CELL2 Pin=R19-2
Removed Pin From Net: NetName=CELL3 Pin=R20-2
Removed Pin From Net: NetName=CELL4 Pin=R21-2
Removed Pin From Net: NetName=CELL5 Pin=R22-2
Removed Pin From Net: NetName=CELL6 Pin=R23-2
Removed Pin From Net: NetName=BAT V+ Pin=R24-2
Removed Pin From Net: NetName=C0 Pin=R25-1
Removed Pin From Net: NetName=BAT V- Pin=R25-2
Removed Pin From Net: NetName=BAT V+ Pin=R31-2
Removed Pin From Net: NetName=LTC V+ Pin=R36-2
Removed Pin From Net: NetName=SPI_CLK Pin=U3-17
Removed Pin From Net: NetName=WDT Pin=U3-26
Removed Pin From Net: NetName=SPI_MISO Pin=U3-29
Removed Pin From Net: NetName=SPI_MOSI Pin=U3-30
Removed Pin From Net: NetName=SPI_CS Pin=U3-31
Removed Pin From Net: NetName=CAN_TX Pin=U3-32
Removed Pin From Net: NetName=CAN_RX Pin=U3-33
Removed Pin From Net: NetName=PSENS6 Pin=U3-39
Removed Pin From Net: NetName=PSENS5 Pin=U3-40
Removed Pin From Net: NetName=PSENS4 Pin=U3-41
Removed Pin From Net: NetName=PSENS3 Pin=U3-42
Removed Pin From Net: NetName=PSENS2 Pin=U3-43
Removed Pin From Net: NetName=PSENS1 Pin=U3-45
Removed Member From Class: ClassName=AMS_LV_6 Member=C1
Removed Member From Class: ClassName=AMS_LV_6 Member=D1
Removed Member From Class: ClassName=AMS_LV_6 Member=D2
Removed Member From Class: ClassName=AMS_LV_6 Member=D3
Removed Member From Class: ClassName=AMS_LV_6 Member=D4
Removed Member From Class: ClassName=AMS_LV_6 Member=D5
Removed Member From Class: ClassName=AMS_LV_6 Member=D6
Removed Member From Class: ClassName=AMS_LV_6 Member=D7
Removed Member From Class: ClassName=AMS_LV_6 Member=D8
Removed Member From Class: ClassName=AMS_LV_6 Member=D9
Removed Member From Class: ClassName=AMS_LV_6 Member=D10
Removed Member From Class: ClassName=AMS_LV_6 Member=D11
Removed Member From Class: ClassName=AMS_LV_6 Member=D12
Removed Member From Class: ClassName=AMS_LV_6 Member=Q1
Removed Member From Class: ClassName=AMS_LV_6 Member=Q2
Removed Member From Class: ClassName=AMS_LV_6 Member=Q3
Removed Member From Class: ClassName=AMS_LV_6 Member=Q4
Removed Member From Class: ClassName=AMS_LV_6 Member=Q5
Removed Member From Class: ClassName=AMS_LV_6 Member=Q6
Removed Member From Class: ClassName=AMS_LV_6 Member=R1
Removed Member From Class: ClassName=AMS_LV_6 Member=R2
Removed Member From Class: ClassName=AMS_LV_6 Member=R3
Removed Member From Class: ClassName=AMS_LV_6 Member=R4
Removed Member From Class: ClassName=AMS_LV_6 Member=R5
Removed Member From Class: ClassName=AMS_LV_6 Member=R6
Removed Member From Class: ClassName=AMS_LV_6 Member=R7
Removed Member From Class: ClassName=AMS_LV_6 Member=R8
Removed Member From Class: ClassName=AMS_LV_6 Member=R9
Removed Member From Class: ClassName=AMS_LV_6 Member=R10
Removed Member From Class: ClassName=AMS_LV_6 Member=R11
Removed Member From Class: ClassName=AMS_LV_6 Member=R12
Removed Member From Class: ClassName=AMS_LV_6 Member=R13
Removed Member From Class: ClassName=AMS_LV_6 Member=R14
Removed Member From Class: ClassName=AMS_LV_6 Member=R15
Removed Member From Class: ClassName=AMS_LV_6 Member=R16
Removed Member From Class: ClassName=AMS_LV_6 Member=R17
Removed Member From Class: ClassName=AMS_LV_6 Member=R18
Removed Member From Class: ClassName=AMS_LV_6 Member=R19
Removed Member From Class: ClassName=AMS_LV_6 Member=R20
Removed Member From Class: ClassName=AMS_LV_6 Member=R21
Removed Member From Class: ClassName=AMS_LV_6 Member=R22
Removed Member From Class: ClassName=AMS_LV_6 Member=R23
Removed Member From Class: ClassName=AMS_LV_6 Member=R24
Removed Member From Class: ClassName=AMS_LV_6 Member=R25
Added Component: Designator=R?(2512 Resistor)
Add component (AddParameter): Name = "ComponentLink1Description"; Value = "ChipDip"; VariantName = "[No Variations]"
Add component (AddParameter): Name = "ComponentLink1URL"; Value = "https://www.chipdip.ru/product0/9000190090"; VariantName = "[No Variations]"
Add component (AddParameter): Name = "ComponentLink2Description"; Value = "Datasheet"; VariantName = "[No Variations]"
Add component (AddParameter): Name = "ComponentLink2URL"; Value = "https://static.chipdip.ru/lib/788/DOC004788200.pdf"; VariantName = "[No Variations]"
Add component (AddParameter): Name = "Manufacturer"; Value = "Taiwan"; VariantName = "[No Variations]"
Add component (AddParameter): Name = "Partnumber"; Value = "RC2512FR-0775RL"; VariantName = "[No Variations]"
Add component (AddParameter): Name = "Type"; Value = "Resistor"; VariantName = "[No Variations]"
Added Component: Designator=R?(2512 Resistor)
Add component (AddParameter): Name = "ComponentLink1Description"; Value = "ChipDip"; VariantName = "[No Variations]"
Add component (AddParameter): Name = "ComponentLink1URL"; Value = "https://www.chipdip.ru/product0/9000190090"; VariantName = "[No Variations]"
Add component (AddParameter): Name = "ComponentLink2Description"; Value = "Datasheet"; VariantName = "[No Variations]"
Add component (AddParameter): Name = "ComponentLink2URL"; Value = "https://static.chipdip.ru/lib/788/DOC004788200.pdf"; VariantName = "[No Variations]"
Add component (AddParameter): Name = "Manufacturer"; Value = "Taiwan"; VariantName = "[No Variations]"
Add component (AddParameter): Name = "Partnumber"; Value = "RC2512FR-0775RL"; VariantName = "[No Variations]"
Add component (AddParameter): Name = "Type"; Value = "Resistor"; VariantName = "[No Variations]"
Added Component: Designator=R?(2512 Resistor)
Add component (AddParameter): Name = "ComponentLink1Description"; Value = "ChipDip"; VariantName = "[No Variations]"
Add component (AddParameter): Name = "ComponentLink1URL"; Value = "https://www.chipdip.ru/product0/9000190090"; VariantName = "[No Variations]"
Add component (AddParameter): Name = "ComponentLink2Description"; Value = "Datasheet"; VariantName = "[No Variations]"
Add component (AddParameter): Name = "ComponentLink2URL"; Value = "https://static.chipdip.ru/lib/788/DOC004788200.pdf"; VariantName = "[No Variations]"
Add component (AddParameter): Name = "Manufacturer"; Value = "Taiwan"; VariantName = "[No Variations]"
Add component (AddParameter): Name = "Partnumber"; Value = "RC2512FR-0775RL"; VariantName = "[No Variations]"
Add component (AddParameter): Name = "Type"; Value = "Resistor"; VariantName = "[No Variations]"
Added Component: Designator=R?(2512 Resistor)
Add component (AddParameter): Name = "ComponentLink1Description"; Value = "ChipDip"; VariantName = "[No Variations]"
Add component (AddParameter): Name = "ComponentLink1URL"; Value = "https://www.chipdip.ru/product0/9000190090"; VariantName = "[No Variations]"
Add component (AddParameter): Name = "ComponentLink2Description"; Value = "Datasheet"; VariantName = "[No Variations]"
Add component (AddParameter): Name = "ComponentLink2URL"; Value = "https://static.chipdip.ru/lib/788/DOC004788200.pdf"; VariantName = "[No Variations]"
Add component (AddParameter): Name = "Manufacturer"; Value = "Taiwan"; VariantName = "[No Variations]"
Add component (AddParameter): Name = "Partnumber"; Value = "RC2512FR-0775RL"; VariantName = "[No Variations]"
Add component (AddParameter): Name = "Type"; Value = "Resistor"; VariantName = "[No Variations]"
Added Component: Designator=R?(2512 Resistor)
Add component (AddParameter): Name = "ComponentLink1Description"; Value = "ChipDip"; VariantName = "[No Variations]"
Add component (AddParameter): Name = "ComponentLink1URL"; Value = "https://www.chipdip.ru/product0/9000190090"; VariantName = "[No Variations]"
Add component (AddParameter): Name = "ComponentLink2Description"; Value = "Datasheet"; VariantName = "[No Variations]"
Add component (AddParameter): Name = "ComponentLink2URL"; Value = "https://static.chipdip.ru/lib/788/DOC004788200.pdf"; VariantName = "[No Variations]"
Add component (AddParameter): Name = "Manufacturer"; Value = "Taiwan"; VariantName = "[No Variations]"
Add component (AddParameter): Name = "Partnumber"; Value = "RC2512FR-0775RL"; VariantName = "[No Variations]"
Add component (AddParameter): Name = "Type"; Value = "Resistor"; VariantName = "[No Variations]"
Added Component: Designator=R?(2512 Resistor)
Add component (AddParameter): Name = "ComponentLink1Description"; Value = "ChipDip"; VariantName = "[No Variations]"
Add component (AddParameter): Name = "ComponentLink1URL"; Value = "https://www.chipdip.ru/product0/9000190090"; VariantName = "[No Variations]"
Add component (AddParameter): Name = "ComponentLink2Description"; Value = "Datasheet"; VariantName = "[No Variations]"
Add component (AddParameter): Name = "ComponentLink2URL"; Value = "https://static.chipdip.ru/lib/788/DOC004788200.pdf"; VariantName = "[No Variations]"
Add component (AddParameter): Name = "Manufacturer"; Value = "Taiwan"; VariantName = "[No Variations]"
Add component (AddParameter): Name = "Partnumber"; Value = "RC2512FR-0775RL"; VariantName = "[No Variations]"
Add component (AddParameter): Name = "Type"; Value = "Resistor"; VariantName = "[No Variations]"
Added Component: Designator=R?(2512 Resistor)
Add component (AddParameter): Name = "ComponentLink1Description"; Value = "ChipDip"; VariantName = "[No Variations]"
Add component (AddParameter): Name = "ComponentLink1URL"; Value = "https://www.chipdip.ru/product0/9000190090"; VariantName = "[No Variations]"
Add component (AddParameter): Name = "ComponentLink2Description"; Value = "Datasheet"; VariantName = "[No Variations]"
Add component (AddParameter): Name = "ComponentLink2URL"; Value = "https://static.chipdip.ru/lib/788/DOC004788200.pdf"; VariantName = "[No Variations]"
Add component (AddParameter): Name = "Manufacturer"; Value = "Taiwan"; VariantName = "[No Variations]"
Add component (AddParameter): Name = "Partnumber"; Value = "RC2512FR-0775RL"; VariantName = "[No Variations]"
Add component (AddParameter): Name = "Type"; Value = "Resistor"; VariantName = "[No Variations]"
Added Component: Designator=R?(RES 100R (603))
Add component (AddParameter): Name = "ComponentLink1Description"; Value = "ChipDip"; VariantName = "[No Variations]"
Add component (AddParameter): Name = "ComponentLink1URL"; Value = "https://www.chipdip.ru/product0/9000079616"; VariantName = "[No Variations]"
Add component (AddParameter): Name = "ComponentLink2Description"; Value = "Datasheet"; VariantName = "[No Variations]"
Add component (AddParameter): Name = "ComponentLink2URL"; Value = "https://static.chipdip.ru/lib/788/DOC004788200.pdf"; VariantName = "[No Variations]"
Added Component: Designator=R?(2512 Resistor)
Add component (AddParameter): Name = "ComponentLink1Description"; Value = "ChipDip"; VariantName = "[No Variations]"
Add component (AddParameter): Name = "ComponentLink1URL"; Value = "https://www.chipdip.ru/product0/9000190090"; VariantName = "[No Variations]"
Add component (AddParameter): Name = "ComponentLink2Description"; Value = "Datasheet"; VariantName = "[No Variations]"
Add component (AddParameter): Name = "ComponentLink2URL"; Value = "https://static.chipdip.ru/lib/788/DOC004788200.pdf"; VariantName = "[No Variations]"
Add component (AddParameter): Name = "Manufacturer"; Value = "Taiwan"; VariantName = "[No Variations]"
Add component (AddParameter): Name = "Partnumber"; Value = "RC2512FR-0775RL"; VariantName = "[No Variations]"
Add component (AddParameter): Name = "Type"; Value = "Resistor"; VariantName = "[No Variations]"
Added Component: Designator=R?(2512 Resistor)
Add component (AddParameter): Name = "ComponentLink1Description"; Value = "ChipDip"; VariantName = "[No Variations]"
Add component (AddParameter): Name = "ComponentLink1URL"; Value = "https://www.chipdip.ru/product0/9000190090"; VariantName = "[No Variations]"
Add component (AddParameter): Name = "ComponentLink2Description"; Value = "Datasheet"; VariantName = "[No Variations]"
Add component (AddParameter): Name = "ComponentLink2URL"; Value = "https://static.chipdip.ru/lib/788/DOC004788200.pdf"; VariantName = "[No Variations]"
Add component (AddParameter): Name = "Manufacturer"; Value = "Taiwan"; VariantName = "[No Variations]"
Add component (AddParameter): Name = "Partnumber"; Value = "RC2512FR-0775RL"; VariantName = "[No Variations]"
Add component (AddParameter): Name = "Type"; Value = "Resistor"; VariantName = "[No Variations]"
Added Component: Designator=R?(2512 Resistor)
Add component (AddParameter): Name = "ComponentLink1Description"; Value = "ChipDip"; VariantName = "[No Variations]"
Add component (AddParameter): Name = "ComponentLink1URL"; Value = "https://www.chipdip.ru/product0/9000190090"; VariantName = "[No Variations]"
Add component (AddParameter): Name = "ComponentLink2Description"; Value = "Datasheet"; VariantName = "[No Variations]"
Add component (AddParameter): Name = "ComponentLink2URL"; Value = "https://static.chipdip.ru/lib/788/DOC004788200.pdf"; VariantName = "[No Variations]"
Add component (AddParameter): Name = "Manufacturer"; Value = "Taiwan"; VariantName = "[No Variations]"
Add component (AddParameter): Name = "Partnumber"; Value = "RC2512FR-0775RL"; VariantName = "[No Variations]"
Add component (AddParameter): Name = "Type"; Value = "Resistor"; VariantName = "[No Variations]"
Added Component: Designator=R?(2512 Resistor)
Add component (AddParameter): Name = "ComponentLink1Description"; Value = "ChipDip"; VariantName = "[No Variations]"
Add component (AddParameter): Name = "ComponentLink1URL"; Value = "https://www.chipdip.ru/product0/9000190090"; VariantName = "[No Variations]"
Add component (AddParameter): Name = "ComponentLink2Description"; Value = "Datasheet"; VariantName = "[No Variations]"
Add component (AddParameter): Name = "ComponentLink2URL"; Value = "https://static.chipdip.ru/lib/788/DOC004788200.pdf"; VariantName = "[No Variations]"
Add component (AddParameter): Name = "Manufacturer"; Value = "Taiwan"; VariantName = "[No Variations]"
Add component (AddParameter): Name = "Partnumber"; Value = "RC2512FR-0775RL"; VariantName = "[No Variations]"
Add component (AddParameter): Name = "Type"; Value = "Resistor"; VariantName = "[No Variations]"
Added Component: Designator=R?(2512 Resistor)
Add component (AddParameter): Name = "ComponentLink1Description"; Value = "ChipDip"; VariantName = "[No Variations]"
Add component (AddParameter): Name = "ComponentLink1URL"; Value = "https://www.chipdip.ru/product0/9000190090"; VariantName = "[No Variations]"
Add component (AddParameter): Name = "ComponentLink2Description"; Value = "Datasheet"; VariantName = "[No Variations]"
Add component (AddParameter): Name = "ComponentLink2URL"; Value = "https://static.chipdip.ru/lib/788/DOC004788200.pdf"; VariantName = "[No Variations]"
Add component (AddParameter): Name = "Manufacturer"; Value = "Taiwan"; VariantName = "[No Variations]"
Add component (AddParameter): Name = "Partnumber"; Value = "RC2512FR-0775RL"; VariantName = "[No Variations]"
Add component (AddParameter): Name = "Type"; Value = "Resistor"; VariantName = "[No Variations]"
Added Component: Designator=R?(2512 Resistor)
Add component (AddParameter): Name = "ComponentLink1Description"; Value = "ChipDip"; VariantName = "[No Variations]"
Add component (AddParameter): Name = "ComponentLink1URL"; Value = "https://www.chipdip.ru/product0/9000190090"; VariantName = "[No Variations]"
Add component (AddParameter): Name = "ComponentLink2Description"; Value = "Datasheet"; VariantName = "[No Variations]"
Add component (AddParameter): Name = "ComponentLink2URL"; Value = "https://static.chipdip.ru/lib/788/DOC004788200.pdf"; VariantName = "[No Variations]"
Add component (AddParameter): Name = "Manufacturer"; Value = "Taiwan"; VariantName = "[No Variations]"
Add component (AddParameter): Name = "Partnumber"; Value = "RC2512FR-0775RL"; VariantName = "[No Variations]"
Add component (AddParameter): Name = "Type"; Value = "Resistor"; VariantName = "[No Variations]"
Added Component: Designator=R?(2512 Resistor)
Add component (AddParameter): Name = "ComponentLink1Description"; Value = "ChipDip"; VariantName = "[No Variations]"
Add component (AddParameter): Name = "ComponentLink1URL"; Value = "https://www.chipdip.ru/product0/9000190090"; VariantName = "[No Variations]"
Add component (AddParameter): Name = "ComponentLink2Description"; Value = "Datasheet"; VariantName = "[No Variations]"
Add component (AddParameter): Name = "ComponentLink2URL"; Value = "https://static.chipdip.ru/lib/788/DOC004788200.pdf"; VariantName = "[No Variations]"
Add component (AddParameter): Name = "Manufacturer"; Value = "Taiwan"; VariantName = "[No Variations]"
Add component (AddParameter): Name = "Partnumber"; Value = "RC2512FR-0775RL"; VariantName = "[No Variations]"
Add component (AddParameter): Name = "Type"; Value = "Resistor"; VariantName = "[No Variations]"
Added Pin To Net: NetName=CAN_P Pin=J4-1
Added Pin To Net: NetName=CAN_N Pin=J4-2
Added Pin To Net: NetName=SD_in Pin=J4-6
Added Pin To Net: NetName=SD_out Pin=J4-7
Added Pin To Net: NetName=C0 Pin=R?-1
Added Pin To Net: NetName=S0 Pin=R?-1
Added Pin To Net: NetName=S0 Pin=R?-1
Added Pin To Net: NetName=S1 Pin=R?-1
Added Pin To Net: NetName=S1 Pin=R?-1
Added Pin To Net: NetName=S2 Pin=R?-1
Added Pin To Net: NetName=S2 Pin=R?-1
Added Pin To Net: NetName=S3 Pin=R?-1
Added Pin To Net: NetName=S3 Pin=R?-1
Added Pin To Net: NetName=S4 Pin=R?-1
Added Pin To Net: NetName=S4 Pin=R?-1
Added Pin To Net: NetName=S5 Pin=R?-1
Added Pin To Net: NetName=S5 Pin=R?-1
Added Pin To Net: NetName=BAT V- Pin=R?-2
Added Pin To Net: NetName=BAT V- Pin=R?-2
Added Pin To Net: NetName=BAT V- Pin=R?-2
Added Pin To Net: NetName=CELL2 Pin=R?-2
Added Pin To Net: NetName=CELL2 Pin=R?-2
Added Pin To Net: NetName=CELL3 Pin=R?-2
Added Pin To Net: NetName=CELL3 Pin=R?-2
Added Pin To Net: NetName=CELL4 Pin=R?-2
Added Pin To Net: NetName=CELL4 Pin=R?-2
Added Pin To Net: NetName=CELL5 Pin=R?-2
Added Pin To Net: NetName=CELL5 Pin=R?-2
Added Pin To Net: NetName=CELL6 Pin=R?-2
Added Pin To Net: NetName=CELL6 Pin=R?-2
Added Pin To Net: NetName=PSENS1 Pin=U3-11
Added Pin To Net: NetName=PSENS2 Pin=U3-12
Added Pin To Net: NetName=PSENS3 Pin=U3-13
Added Pin To Net: NetName=PSENS4 Pin=U3-14
Added Pin To Net: NetName=PSENS5 Pin=U3-15
Added Pin To Net: NetName=PSENS6 Pin=U3-16
Added Pin To Net: NetName=SPI_CS Pin=U3-25
Added Pin To Net: NetName=SPI_CLK Pin=U3-26
Added Pin To Net: NetName=SPI_MISO Pin=U3-27
Added Pin To Net: NetName=SPI_MOSI Pin=U3-28
Added Pin To Net: NetName=WDT Pin=U3-31
Added Pin To Net: NetName=CAN_RX Pin=U3-32
Added Pin To Net: NetName=CAN_TX Pin=U3-33
Change Net Name : Old Net Name=BAT V+ New Net Name=+24V
Added Pin To Net: NetName=+24V_IN Pin=J4-5
Added Net: Name=+24V_IN
Added Pin To Net: NetName=BAT V+ Pin=D14-1
Added Pin To Net: NetName=BAT V+ Pin=J5-1
Added Pin To Net: NetName=BAT V+ Pin=R31-2
Added Pin To Net: NetName=BAT V+ Pin=R36-2
Added Pin To Net: NetName=BAT V+ Pin=R?-2
Added Pin To Net: NetName=BAT V+ Pin=R?-2
Added Net: Name=BAT V+
Added Pin To Net: NetName=S6 Pin=DD1-5
Added Pin To Net: NetName=S6 Pin=R?-1
Added Pin To Net: NetName=S6 Pin=R?-1
Added Net: Name=S6
Added Member To Class: ClassName=AMS_LV_6 Member=Component R? 75R
Added Member To Class: ClassName=AMS_LV_6 Member=Component R? 75R
Added Member To Class: ClassName=AMS_LV_6 Member=Component R? 75R
Added Member To Class: ClassName=AMS_LV_6 Member=Component R? 75R
Added Member To Class: ClassName=AMS_LV_6 Member=Component R? 75R
Added Member To Class: ClassName=AMS_LV_6 Member=Component R? 75R
Added Member To Class: ClassName=AMS_LV_6 Member=Component R? 75R
Added Member To Class: ClassName=AMS_LV_6 Member=Component R? 100R
Added Member To Class: ClassName=AMS_LV_6 Member=Component R? 75R
Added Member To Class: ClassName=AMS_LV_6 Member=Component R? 75R
Added Member To Class: ClassName=AMS_LV_6 Member=Component R? 75R
Added Member To Class: ClassName=AMS_LV_6 Member=Component R? 75R
Added Member To Class: ClassName=AMS_LV_6 Member=Component R? 75R
Added Member To Class: ClassName=AMS_LV_6 Member=Component R? 75R
Added Member To Class: ClassName=AMS_LV_6 Member=Component R? 75R
Added Room: Name=AMS_LV_6
