Change Component Designator: Old Designator=C2 New Designator=C1
Change Component Designator: Old Designator=C3 New Designator=C2
Change Component Designator: Old Designator=C4 New Designator=C3
Change Component Designator: Old Designator=C5 New Designator=C4
Change Component Designator: Old Designator=C6 New Designator=C5
Change Component Designator: Old Designator=C7 New Designator=C6
Change Component Designator: Old Designator=C8 New Designator=C7
Change Component Designator: Old Designator=C9 New Designator=C8
Change Component Designator: Old Designator=C10 New Designator=C9
Change Component Designator: Old Designator=C11 New Designator=C10
Change Component Designator: Old Designator=C12 New Designator=C11
Change Component Designator: Old Designator=C13 New Designator=C12
Change Component Designator: Old Designator=C14 New Designator=C13
Change Component Designator: Old Designator=C15 New Designator=C14
Change Component Designator: Old Designator=C16 New Designator=C15
Change Component Designator: Old Designator=C17 New Designator=C16
Change Component Designator: Old Designator=C23 New Designator=C25
Change Component Designator: Old Designator=D13 New Designator=D7
Change Component Designator: Old Designator=D14 New Designator=D8
Change Component Designator: Old Designator=D15 New Designator=D9
Change Component Designator: Old Designator=D16 New Designator=D10
Change Component Designator: Old Designator=D17 New Designator=D11
Change Component Designator: Old Designator=D18 New Designator=D12
Change Component Designator: Old Designator=D19 New Designator=D13
Change Component Designator: Old Designator=J2 New Designator=J3
Change Component Designator: Old Designator=J3 New Designator=J4
Change Component Designator: Old Designator=J5 New Designator=J6
Change Component Designator: Old Designator=J6 New Designator=J7
Change Component Designator: Old Designator=J7 New Designator=J8
Change Component Designator: Old Designator=Q7 New Designator=Q1
Change Component Designator: Old Designator=Q8 New Designator=Q2
Change Component Designator: Old Designator=Q9 New Designator=Q3
Change Component Designator: Old Designator=R26 New Designator=R14
Change Component Designator: Old Designator=R27 New Designator=R15
Change Component Designator: Old Designator=R28 New Designator=R16
Change Component Designator: Old Designator=R29 New Designator=R17
Change Component Designator: Old Designator=R30 New Designator=R18
Change Component Designator: Old Designator=R31 New Designator=R19
Change Component Designator: Old Designator=R38 New Designator=R21
Change Component Designator: Old Designator=R39 New Designator=R22
Change Component Designator: Old Designator=R40 New Designator=R23
Change Component Designator: Old Designator=R41 New Designator=R24
Change Component Designator: Old Designator=R42 New Designator=R25
Change Component Designator: Old Designator=R43 New Designator=R26
Change Component Designator: Old Designator=R44 New Designator=R27
Change Component Designator: Old Designator=R45 New Designator=R28
Change Component Designator: Old Designator=R46 New Designator=R29
Change Component Designator: Old Designator=R47 New Designator=R30
Change Component Designator: Old Designator=R48 New Designator=R31
Change Component Designator: Old Designator=R49 New Designator=R32
Change Component Designator: Old Designator=R50 New Designator=R33
Change Component Designator: Old Designator=R51 New Designator=R34
Change Component Designator: Old Designator=R52 New Designator=R35
Change Component Designator: Old Designator=R53 New Designator=R36
Change Component Designator: Old Designator=R54 New Designator=R37
Change Component Designator: Old Designator=R55 New Designator=R38
Change Component Designator: Old Designator=R56 New Designator=R39
Change Component Designator: Old Designator=R57 New Designator=R40
Change Component Designator: Old Designator=R58 New Designator=R41
