Removed Pin From Net: NetName=GND Pin=R8-2
Removed Member From Class: ClassName=UTC Member=R8
Change Component Footprint: Designator=C1 Old Footprint=CAP Film 9x18 New Footprint=0603 Capicator
Change Component Footprint: Designator=C2 Old Footprint=CAP Film 9x18 New Footprint=0603 Capicator
Change component parameters: Designator = "C1" ("C1"); Footprint = "CAP Film 9x18"; UniqueID = "\RFQCUCOY" ("\RFQCUCOY")
Change component parameters (AddParameter): Name = "ComponentLink1Description"; Value = "Chip&Dip"; VariantName = "[No Variations]"
Change component parameters (AddParameter): Name = "ComponentLink1URL"; Value = "https://www.chipdip.ru/product/grm188r71c104ka01d"; VariantName = "[No Variations]"
Change component parameters (AddParameter): Name = "Manufacturer"; Value = "Murata Manufacturing"; VariantName = "[No Variations]"
Change component parameters (AddParameter): Name = "Part Number"; Value = "GRM188R71C104KA01D"; VariantName = "[No Variations]"
Change component parameters (AddParameter): Name = "Type"; Value = "Capacitor"; VariantName = "[No Variations]"
Change component parameters: Designator = "C2" ("C2"); Footprint = "CAP Film 9x18"; UniqueID = "\TPXMDPUL" ("\TPXMDPUL")
Change component parameters (AddParameter): Name = "ComponentLink1Description"; Value = "Chip&Dip"; VariantName = "[No Variations]"
Change component parameters (AddParameter): Name = "ComponentLink1URL"; Value = "https://www.chipdip.ru/product/grm188r71c104ka01d"; VariantName = "[No Variations]"
Change component parameters (AddParameter): Name = "Manufacturer"; Value = "Murata Manufacturing"; VariantName = "[No Variations]"
Change component parameters (AddParameter): Name = "Part Number"; Value = "GRM188R71C104KA01D"; VariantName = "[No Variations]"
Change component parameters (AddParameter): Name = "Type"; Value = "Capacitor"; VariantName = "[No Variations]"
Added Pin To Net: NetName=GND Pin=J5-A
Added Pin To Net: NetName=GND Pin=J5-A
Added Pin To Net: NetName=GND Pin=J5-A
Added Pin To Net: NetName=GND Pin=J5-A
Added Net: Name=NetCb1_1
Added Net: Name=NetCb1_2
Added Net: Name=NetRfb1_1
Added Room: Name=UTC
