Removed Pin From Net: NetName=GND Pin=J5-A1
Removed Pin From Net: NetName=GND Pin=J5-A1
Removed Pin From Net: NetName=+5V Pin=J5-A4
Removed Pin From Net: NetName=NetJ5_A5 Pin=J5-A5
Removed Pin From Net: NetName=OTG_FS_DP_1 Pin=J5-A6
Removed Pin From Net: NetName=OTG_FS_DM_1 Pin=J5-A7
Removed Pin From Net: NetName=GND Pin=J5-A12
Removed Pin From Net: NetName=GND Pin=J5-A12
Removed Pin From Net: NetName=GND Pin=J5-B1
Removed Pin From Net: NetName=NetJ5_B5 Pin=J5-B5
Removed Pin From Net: NetName=OTG_FS_DP_1 Pin=J5-B6
Removed Pin From Net: NetName=OTG_FS_DM_1 Pin=J5-B7
Removed Pin From Net: NetName=+5V Pin=J5-B9
Removed Pin From Net: NetName=GND Pin=J5-B12
Removed Pin From Net: NetName=NetJ5_A5 Pin=R6-2
Removed Pin From Net: NetName=NetJ5_B5 Pin=R7-2
Removed Member From Class: ClassName=UTC Member=J5
Added Pin To Net: NetName=NetJ5_B5 Pin=R6-2
Added Pin To Net: NetName=NetJ5_A5 Pin=R7-2
Change Net Name : Old Net Name=NetJ5_A5 New Net Name=Net*_B5
Change Net Name : Old Net Name=NetJ5_B5 New Net Name=Net*_A5
